[    0.000000] Linux version 4.15.0-76-generic (buildd@lcy01-amd64-029) (gcc version 7.4.0 (Ubuntu 7.4.0-1ubuntu1~18.04.1)) #86-Ubuntu SMP Fri Jan 17 17:24:28 UTC 2020 (Ubuntu 4.15.0-76.86-generic 4.15.18)
[    0.000000] Command line: BOOT_IMAGE=/boot/vmlinuz-4.15.0-76-generic root=LABEL=cloudimg-rootfs ro console=tty1 console=ttyS0
[    0.000000] KERNEL supported cpus:
[    0.000000]   Intel GenuineIntel
[    0.000000]   AMD AuthenticAMD
[    0.000000]   Centaur CentaurHauls
[    0.000000] x86/fpu: Supporting XSAVE feature 0x001: 'x87 floating point registers'
[    0.000000] x86/fpu: Supporting XSAVE feature 0x002: 'SSE registers'
[    0.000000] x86/fpu: Supporting XSAVE feature 0x004: 'AVX registers'
[    0.000000] x86/fpu: xstate_offset[2]:  576, xstate_sizes[2]:  256
[    0.000000] x86/fpu: Enabled xstate features 0x7, context size is 832 bytes, using 'standard' format.
[    0.000000] e820: BIOS-provided physical RAM map:
[    0.000000] BIOS-e820: [mem 0x0000000000000000-0x000000000009fbff] usable
[    0.000000] BIOS-e820: [mem 0x000000000009fc00-0x000000000009ffff] reserved
[    0.000000] BIOS-e820: [mem 0x00000000000f0000-0x00000000000fffff] reserved
[    0.000000] BIOS-e820: [mem 0x0000000000100000-0x000000003ffeffff] usable
[    0.000000] BIOS-e820: [mem 0x000000003fff0000-0x000000003fffffff] ACPI data
[    0.000000] BIOS-e820: [mem 0x00000000fec00000-0x00000000fec00fff] reserved
[    0.000000] BIOS-e820: [mem 0x00000000fee00000-0x00000000fee00fff] reserved
[    0.000000] BIOS-e820: [mem 0x00000000fffc0000-0x00000000ffffffff] reserved
[    0.000000] NX (Execute Disable) protection: active
[    0.000000] SMBIOS 2.5 present.
[    0.000000] DMI: innotek GmbH VirtualBox/VirtualBox, BIOS VirtualBox 12/01/2006
[    0.000000] Hypervisor detected: KVM
[    0.000000] e820: last_pfn = 0x3fff0 max_arch_pfn = 0x400000000
[    0.000000] MTRR: Disabled
[    0.000000] x86/PAT: MTRRs disabled, skipping PAT initialization too.
[    0.000000] CPU MTRRs all blank - virtualized system.
[    0.000000] x86/PAT: Configuration [0-7]: WB  WT  UC- UC  WB  WT  UC- UC  
[    0.000000] found SMP MP-table at [mem 0x0009fff0-0x0009ffff]
[    0.000000] Scanning 1 areas for low memory corruption
[    0.000000] RAMDISK: [mem 0x35a6f000-0x36d2efff]
[    0.000000] ACPI: Early table checksum verification disabled
[    0.000000] ACPI: RSDP 0x00000000000E0000 000024 (v02 VBOX  )
[    0.000000] ACPI: XSDT 0x000000003FFF0030 00003C (v01 VBOX   VBOXXSDT 00000001 ASL  00000061)
[    0.000000] ACPI: FACP 0x000000003FFF00F0 0000F4 (v04 VBOX   VBOXFACP 00000001 ASL  00000061)
[    0.000000] ACPI: DSDT 0x000000003FFF0470 0022EA (v02 VBOX   VBOXBIOS 00000002 INTL 20100528)
[    0.000000] ACPI: FACS 0x000000003FFF0200 000040
[    0.000000] ACPI: FACS 0x000000003FFF0200 000040
[    0.000000] ACPI: APIC 0x000000003FFF0240 00005C (v02 VBOX   VBOXAPIC 00000001 ASL  00000061)
[    0.000000] ACPI: SSDT 0x000000003FFF02A0 0001CC (v01 VBOX   VBOXCPUT 00000002 INTL 20100528)
[    0.000000] No NUMA configuration found
[    0.000000] Faking a node at [mem 0x0000000000000000-0x000000003ffeffff]
[    0.000000] NODE_DATA(0) allocated [mem 0x3ffc5000-0x3ffeffff]
[    0.000000] kvm-clock: cpu 0, msr 0:3ff44001, primary cpu clock
[    0.000000] kvm-clock: Using msrs 4b564d01 and 4b564d00
[    0.000000] kvm-clock: using sched offset of 4075959784 cycles
[    0.000000] clocksource: kvm-clock: mask: 0xffffffffffffffff max_cycles: 0x1cd42e4dffb, max_idle_ns: 881590591483 ns
[    0.000000] Zone ranges:
[    0.000000]   DMA      [mem 0x0000000000001000-0x0000000000ffffff]
[    0.000000]   DMA32    [mem 0x0000000001000000-0x000000003ffeffff]
[    0.000000]   Normal   empty
[    0.000000]   Device   empty
[    0.000000] Movable zone start for each node
[    0.000000] Early memory node ranges
[    0.000000]   node   0: [mem 0x0000000000001000-0x000000000009efff]
[    0.000000]   node   0: [mem 0x0000000000100000-0x000000003ffeffff]
[    0.000000] Reserved but unavailable: 98 pages
[    0.000000] Initmem setup node 0 [mem 0x0000000000001000-0x000000003ffeffff]
[    0.000000] ACPI: PM-Timer IO Port: 0x4008
[    0.000000] IOAPIC[0]: apic_id 2, version 32, address 0xfec00000, GSI 0-23
[    0.000000] ACPI: INT_SRC_OVR (bus 0 bus_irq 0 global_irq 2 dfl dfl)
[    0.000000] ACPI: INT_SRC_OVR (bus 0 bus_irq 9 global_irq 9 low level)
[    0.000000] Using ACPI (MADT) for SMP configuration information
[    0.000000] smpboot: Allowing 2 CPUs, 0 hotplug CPUs
[    0.000000] PM: Registered nosave memory: [mem 0x00000000-0x00000fff]
[    0.000000] PM: Registered nosave memory: [mem 0x0009f000-0x0009ffff]
[    0.000000] PM: Registered nosave memory: [mem 0x000a0000-0x000effff]
[    0.000000] PM: Registered nosave memory: [mem 0x000f0000-0x000fffff]
[    0.000000] e820: [mem 0x40000000-0xfebfffff] available for PCI devices
[    0.000000] Booting paravirtualized kernel on KVM
[    0.000000] clocksource: refined-jiffies: mask: 0xffffffff max_cycles: 0xffffffff, max_idle_ns: 7645519600211568 ns
[    0.000000] random: get_random_bytes called from start_kernel+0x99/0x4fd with crng_init=0
[    0.000000] setup_percpu: NR_CPUS:8192 nr_cpumask_bits:2 nr_cpu_ids:2 nr_node_ids:1
[    0.000000] percpu: Embedded 45 pages/cpu s147456 r8192 d28672 u1048576
[    0.000000] PV qspinlock hash table entries: 256 (order: 0, 4096 bytes)
[    0.000000] Built 1 zonelists, mobility grouping on.  Total pages: 257913
[    0.000000] Policy zone: DMA32
[    0.000000] Kernel command line: BOOT_IMAGE=/boot/vmlinuz-4.15.0-76-generic root=LABEL=cloudimg-rootfs ro console=tty1 console=ttyS0
[    0.000000] Memory: 983080K/1048120K available (12300K kernel code, 2481K rwdata, 4260K rodata, 2428K init, 2704K bss, 65040K reserved, 0K cma-reserved)
[    0.000000] SLUB: HWalign=64, Order=0-3, MinObjects=0, CPUs=2, Nodes=1
[    0.000000] Kernel/User page tables isolation: enabled
[    0.000000] ftrace: allocating 39322 entries in 154 pages
[    0.004000] Hierarchical RCU implementation.
[    0.004000] 	RCU restricting CPUs from NR_CPUS=8192 to nr_cpu_ids=2.
[    0.004000] 	Tasks RCU enabled.
[    0.004000] RCU: Adjusting geometry for rcu_fanout_leaf=16, nr_cpu_ids=2
[    0.004000] NR_IRQS: 524544, nr_irqs: 440, preallocated irqs: 16
[    0.004000] Console: colour VGA+ 80x25
[    0.004000] console [tty1] enabled
[    0.004000] console [ttyS0] enabled
[    0.004000] ACPI: Core revision 20170831
[    0.004000] ACPI: 2 ACPI AML tables successfully acquired and loaded
[    0.004000] APIC: Switch to symmetric I/O mode setup
[    0.004000] x2apic enabled
[    0.004000] Switched APIC routing to physical x2apic.
[    0.004000] ..TIMER: vector=0x30 apic1=0 pin1=2 apic2=-1 pin2=-1
[    0.004004] tsc: Detected 1608.000 MHz processor
[    0.005068] Calibrating delay loop (skipped) preset value.. 3216.00 BogoMIPS (lpj=6432000)
[    0.008002] pid_max: default: 32768 minimum: 301
[    0.009582] Security Framework initialized
[    0.010440] Yama: becoming mindful.
[    0.012022] AppArmor: AppArmor initialized
[    0.013041] Dentry cache hash table entries: 131072 (order: 8, 1048576 bytes)
[    0.014537] Inode-cache hash table entries: 65536 (order: 7, 524288 bytes)
[    0.015920] Mount-cache hash table entries: 2048 (order: 2, 16384 bytes)
[    0.016005] Mountpoint-cache hash table entries: 2048 (order: 2, 16384 bytes)
[    0.018151] Last level iTLB entries: 4KB 64, 2MB 8, 4MB 8
[    0.020003] Last level dTLB entries: 4KB 64, 2MB 0, 4MB 0, 1GB 4
[    0.021250] Spectre V1 : Mitigation: usercopy/swapgs barriers and __user pointer sanitization
[    0.024002] Spectre V2 : Mitigation: Full generic retpoline
[    0.025147] Spectre V2 : Spectre v2 / SpectreRSB mitigation: Filling RSB on context switch
[    0.026841] Speculative Store Bypass: Vulnerable
[    0.027858] MDS: Mitigation: Clear CPU buffers
[    0.028178] Freeing SMP alternatives memory: 36K
[    0.140224] smpboot: CPU0: Intel(R) Core(TM) i5-8210Y CPU @ 1.60GHz (family: 0x6, model: 0x8e, stepping: 0x9)
[    0.143072] Performance Events: unsupported p6 CPU model 142 no PMU driver, software events only.
[    0.144039] Hierarchical SRCU implementation.
[    0.145571] NMI watchdog: Perf event create on CPU 0 failed with -2
[    0.148002] NMI watchdog: Perf NMI watchdog permanently disabled
[    0.150088] smp: Bringing up secondary CPUs ...
[    0.151122] x86: Booting SMP configuration:
[    0.152002] .... node  #0, CPUs:      #1
[    0.004000] kvm-clock: cpu 1, msr 0:3ff44041, secondary cpu clock
[    0.156037] smp: Brought up 1 node, 2 CPUs
[    0.157632] smpboot: Max logical packages: 1
[    0.160006] smpboot: Total of 2 processors activated (6432.00 BogoMIPS)
[    0.161458] devtmpfs: initialized
[    0.161458] x86/mm: Memory block size: 128MB
[    0.164145] evm: security.selinux
[    0.164869] evm: security.SMACK64
[    0.165626] evm: security.SMACK64EXEC
[    0.166408] evm: security.SMACK64TRANSMUTE
[    0.167266] evm: security.SMACK64MMAP
[    0.168003] evm: security.apparmor
[    0.168739] evm: security.ima
[    0.169443] evm: security.capability
[    0.170246] clocksource: jiffies: mask: 0xffffffff max_cycles: 0xffffffff, max_idle_ns: 7645041785100000 ns
[    0.172011] futex hash table entries: 512 (order: 3, 32768 bytes)
[    0.174763] pinctrl core: initialized pinctrl subsystem
[    0.176124] RTC time:  6:38:37, date: 02/17/20
[    0.177279] NET: Registered protocol family 16
[    0.178436] audit: initializing netlink subsys (disabled)
[    0.180039] audit: type=2000 audit(1581921523.221:1): state=initialized audit_enabled=0 res=1
[    0.180148] cpuidle: using governor ladder
[    0.184008] cpuidle: using governor menu
[    0.184890] ACPI: bus type PCI registered
[    0.185795] acpiphp: ACPI Hot Plug PCI Controller Driver version: 0.5
[    0.187221] PCI: Using configuration type 1 for base access
[    0.188875] HugeTLB registered 2.00 MiB page size, pre-allocated 0 pages
[    0.192076] ACPI: Added _OSI(Module Device)
[    0.192973] ACPI: Added _OSI(Processor Device)
[    0.193891] ACPI: Added _OSI(3.0 _SCP Extensions)
[    0.194878] ACPI: Added _OSI(Processor Aggregator Device)
[    0.196003] ACPI: Added _OSI(Linux-Dell-Video)
[    0.196967] ACPI: Added _OSI(Linux-Lenovo-NV-HDMI-Audio)
[    0.198651] ACPI: Added _OSI(Linux-HPI-Hybrid-Graphics)
[    0.200405] ACPI: Executed 1 blocks of module-level executable AML code
[    0.205721] ACPI: Interpreter enabled
[    0.206980] ACPI: (supports S0 S5)
[    0.208003] ACPI: Using IOAPIC for interrupt routing
[    0.209608] PCI: Using host bridge windows from ACPI; if necessary, use "pci=nocrs" and report a bug
[    0.212204] ACPI: Enabled 2 GPEs in block 00 to 07
[    0.219415] ACPI: PCI Root Bridge [PCI0] (domain 0000 [bus 00-ff])
[    0.220009] acpi PNP0A03:00: _OSC: OS supports [ASPM ClockPM Segments MSI]
[    0.222105] acpi PNP0A03:00: _OSC: not requesting OS control; OS requires [ExtendedConfig ASPM ClockPM MSI]
[    0.224017] acpi PNP0A03:00: fail to add MMCONFIG information, can't access extended PCI configuration space under this bridge.
[    0.228429] PCI host bridge to bus 0000:00
[    0.229422] pci_bus 0000:00: root bus resource [io  0x0000-0x0cf7 window]
[    0.230890] pci_bus 0000:00: root bus resource [io  0x0d00-0xffff window]
[    0.232004] pci_bus 0000:00: root bus resource [mem 0x000a0000-0x000bffff window]
[    0.233581] pci_bus 0000:00: root bus resource [mem 0x40000000-0xfdffffff window]
[    0.236003] pci_bus 0000:00: root bus resource [bus 00-ff]
[    0.240305] pci 0000:00:01.1: legacy IDE quirk: reg 0x10: [io  0x01f0-0x01f7]
[    0.241968] pci 0000:00:01.1: legacy IDE quirk: reg 0x14: [io  0x03f6]
[    0.243279] pci 0000:00:01.1: legacy IDE quirk: reg 0x18: [io  0x0170-0x0177]
[    0.244004] pci 0000:00:01.1: legacy IDE quirk: reg 0x1c: [io  0x0376]
[    0.263331] pci 0000:00:07.0: quirk: [io  0x4000-0x403f] claimed by PIIX4 ACPI
[    0.264020] pci 0000:00:07.0: quirk: [io  0x4100-0x410f] claimed by PIIX4 SMB
[    0.277408] ACPI: PCI Interrupt Link [LNKA] (IRQs 5 9 10 *11)
[    0.279455] ACPI: PCI Interrupt Link [LNKB] (IRQs 5 9 *10 11)
[    0.280131] ACPI: PCI Interrupt Link [LNKC] (IRQs 5 *9 10 11)
[    0.281461] ACPI: PCI Interrupt Link [LNKD] (IRQs 5 9 10 *11)
[    0.282991] SCSI subsystem initialized
[    0.284056] pci 0000:00:02.0: vgaarb: setting as boot VGA device
[    0.285741] pci 0000:00:02.0: vgaarb: VGA device added: decodes=io+mem,owns=io+mem,locks=none
[    0.288014] pci 0000:00:02.0: vgaarb: bridge control possible
[    0.289238] vgaarb: loaded
[    0.289869] ACPI: bus type USB registered
[    0.290728] usbcore: registered new interface driver usbfs
[    0.292010] usbcore: registered new interface driver hub
[    0.293167] usbcore: registered new device driver usb
[    0.294291] EDAC MC: Ver: 3.0.0
[    0.296049] PCI: Using ACPI for IRQ routing
[    0.297267] NetLabel: Initializing
[    0.298024] NetLabel:  domain hash size = 128
[    0.298946] NetLabel:  protocols = UNLABELED CIPSOv4 CALIPSO
[    0.300018] NetLabel:  unlabeled traffic allowed by default
[    0.301173] clocksource: Switched to clocksource kvm-clock
[    0.314954] VFS: Disk quotas dquot_6.6.0
[    0.316582] VFS: Dquot-cache hash table entries: 512 (order 0, 4096 bytes)
[    0.318697] AppArmor: AppArmor Filesystem Enabled
[    0.319709] pnp: PnP ACPI init
[    0.321783] pnp: PnP ACPI: found 3 devices
[    0.332068] clocksource: acpi_pm: mask: 0xffffff max_cycles: 0xffffff, max_idle_ns: 2085701024 ns
[    0.334659] NET: Registered protocol family 2
[    0.335782] TCP established hash table entries: 8192 (order: 4, 65536 bytes)
[    0.337248] TCP bind hash table entries: 8192 (order: 5, 131072 bytes)
[    0.339981] TCP: Hash tables configured (established 8192 bind 8192)
[    0.341383] UDP hash table entries: 512 (order: 2, 16384 bytes)
[    0.342596] UDP-Lite hash table entries: 512 (order: 2, 16384 bytes)
[    0.343918] NET: Registered protocol family 1
[    0.344872] pci 0000:00:00.0: Limiting direct PCI/PCI transfers
[    0.346109] pci 0000:00:01.0: Activating ISA DMA hang workarounds
[    0.347400] pci 0000:00:02.0: Video device with shadowed ROM at [mem 0x000c0000-0x000dffff]
[    0.349263] Unpacking initramfs...
[    0.663249] Freeing initrd memory: 19200K
[    0.664689] clocksource: tsc: mask: 0xffffffffffffffff max_cycles: 0x172daa3a18b, max_idle_ns: 440795212390 ns
[    0.667706] platform rtc_cmos: registered platform RTC device (no PNP device found)
[    0.669997] Scanning for low memory corruption every 60 seconds
[    0.671896] Initialise system trusted keyrings
[    0.672909] Key type blacklist registered
[    0.673871] workingset: timestamp_bits=36 max_order=18 bucket_order=0
[    0.676095] zbud: loaded
[    0.677243] squashfs: version 4.0 (2009/01/31) Phillip Lougher
[    0.679268] fuse init (API version 7.26)
[    0.688388] Key type asymmetric registered
[    0.689569] Asymmetric key parser 'x509' registered
[    0.691060] Block layer SCSI generic (bsg) driver version 0.4 loaded (major 246)
[    0.693715] io scheduler noop registered
[    0.694651] io scheduler deadline registered
[    0.695770] io scheduler cfq registered (default)
[    0.698114] ACPI: AC Adapter [AC] (on-line)
[    0.699057] input: Power Button as /devices/LNXSYSTM:00/LNXPWRBN:00/input/input0
[    0.700697] ACPI: Power Button [PWRF]
[    0.701557] input: Sleep Button as /devices/LNXSYSTM:00/LNXSLPBN:00/input/input1
[    0.703101] ACPI: Sleep Button [SLPF]
[    0.705410] ACPI: Battery Slot [BAT0] (battery present)
[    0.706988] Serial: 8250/16550 driver, 32 ports, IRQ sharing enabled
[    0.729940] 00:02: ttyS0 at I/O 0x3f8 (irq = 4, base_baud = 115200) is a 16550A
[    0.735751] Linux agpgart interface v0.103
[    0.739033] loop: module loaded
[    0.740320] scsi host0: ata_piix
[    0.741161] scsi host1: ata_piix
[    0.741894] ata1: PATA max UDMA/33 cmd 0x1f0 ctl 0x3f6 bmdma 0xd000 irq 14
[    0.743294] ata2: PATA max UDMA/33 cmd 0x170 ctl 0x376 bmdma 0xd008 irq 15
[    0.744853] libphy: Fixed MDIO Bus: probed
[    0.745810] tun: Universal TUN/TAP device driver, 1.6
[    0.746957] PPP generic driver version 2.4.2
[    0.748314] ehci_hcd: USB 2.0 'Enhanced' Host Controller (EHCI) Driver
[    0.749927] ehci-pci: EHCI PCI platform driver
[    0.750868] ehci-platform: EHCI generic platform driver
[    0.751956] ohci_hcd: USB 1.1 'Open' Host Controller (OHCI) Driver
[    0.753239] ohci-pci: OHCI PCI platform driver
[    0.754173] ohci-platform: OHCI generic platform driver
[    0.755245] uhci_hcd: USB Universal Host Controller Interface driver
[    0.756603] i8042: PNP: PS/2 Controller [PNP0303:PS2K,PNP0f03:PS2M] at 0x60,0x64 irq 1,12
[    0.759563] serio: i8042 KBD port at 0x60,0x64 irq 1
[    0.761055] serio: i8042 AUX port at 0x60,0x64 irq 12
[    0.763194] mousedev: PS/2 mouse device common for all mice
[    0.766649] input: AT Translated Set 2 keyboard as /devices/platform/i8042/serio0/input/input2
[    0.770247] rtc_cmos rtc_cmos: rtc core: registered rtc_cmos as rtc0
[    0.771716] rtc_cmos rtc_cmos: alarms up to one day, 114 bytes nvram
[    0.773555] i2c /dev entries driver
[    0.774749] device-mapper: uevent: version 1.0.3
[    0.775831] device-mapper: ioctl: 4.37.0-ioctl (2017-09-20) initialised: dm-devel@redhat.com
[    0.777748] ledtrig-cpu: registered to indicate activity on CPUs
[    0.779423] NET: Registered protocol family 10
[    0.783967] Segment Routing with IPv6
[    0.784873] NET: Registered protocol family 17
[    0.785886] Key type dns_resolver registered
[    0.787121] mce: Using 0 MCE banks
[    0.788353] RAS: Correctable Errors collector initialized.
[    0.789889] sched_clock: Marking stable (788336271, 0)->(980026489, -191690218)
[    0.791902] registered taskstats version 1
[    0.792991] Loading compiled-in X.509 certificates
[    0.796288] Loaded X.509 cert 'Build time autogenerated kernel key: 665cd2b89e03521f57c41865f552ebce30a0c7fb'
[    0.798838] zswap: loaded using pool lzo/zbud
[    0.803331] Key type big_key registered
[    0.804298] Key type trusted registered
[    0.806815] Key type encrypted registered
[    0.807978] AppArmor: AppArmor sha1 policy hashing enabled
[    0.809177] ima: No TPM chip found, activating TPM-bypass! (rc=-19)
[    0.810472] ima: Allocated hash algorithm: sha1
[    0.811438] evm: HMAC attrs: 0x1
[    0.812509]   Magic number: 8:467:620
[    0.813397] rtc_cmos rtc_cmos: setting system clock to 2020-02-17 06:38:38 UTC (1581921518)
[    0.815225] BIOS EDD facility v0.16 2004-Jun-25, 0 devices found
[    0.816497] EDD information not available.
[    0.907677] Freeing unused kernel image memory: 2428K
[    0.917079] Write protecting the kernel read-only data: 20480k
[    0.920374] Freeing unused kernel image memory: 2008K
[    0.922060] Freeing unused kernel image memory: 1884K
[    0.931051] x86/mm: Checked W+X mappings: passed, no W+X pages found.
[    0.933008] x86/mm: Checking user space page tables
[    0.940423] x86/mm: Checked W+X mappings: passed, no W+X pages found.
Loading, please wait...
starting version 237
[    1.003800] e1000: Intel(R) PRO/1000 Network Driver - version 7.3.21-k8-NAPI
[    1.005951] e1000: Copyright (c) 1999-2006 Intel Corporation.
[    1.010620] Fusion MPT base driver 3.04.20
[    1.012296] Copyright (c) 1999-2008 LSI Corporation
[    1.033746] AVX2 version of gcm_enc/dec engaged.
[    1.035085] AES CTR mode by8 optimization enabled
[    1.052817] Fusion MPT SPI Host driver 3.04.20
[    1.248100] input: ImExPS/2 Generic Explorer Mouse as /devices/platform/i8042/serio1/input/input4
[    1.415436] e1000 0000:00:03.0 eth0: (PCI:33MHz:32-bit) 02:b4:6b:8c:b8:1a
[    1.417603] e1000 0000:00:03.0 eth0: Intel(R) PRO/1000 Network Connection
[    1.840202] e1000 0000:00:08.0 eth1: (PCI:33MHz:32-bit) 08:00:27:57:eb:6c
[    1.842321] e1000 0000:00:08.0 eth1: Intel(R) PRO/1000 Network Connection
[    1.845223] e1000 0000:00:08.0 enp0s8: renamed from eth1
[    1.846961] mptbase: ioc0: Initiating bringup
[    1.872501] e1000 0000:00:03.0 enp0s3: renamed from eth0
[    1.952735] ioc0: LSI53C1030 A0: Capabilities={Initiator}
[    2.195770] scsi host2: ioc0: LSI53C1030 A0, FwRev=00000000h, Ports=1, MaxQ=256, IRQ=20
[    2.365557] scsi 2:0:0:0: Direct-Access     VBOX     HARDDISK         1.0  PQ: 0 ANSI: 5
[    2.652043] scsi target2:0:0: Beginning Domain Validation
[    2.655724] scsi target2:0:0: Domain Validation skipping write tests
[    2.657626] scsi target2:0:0: Ending Domain Validation
[    2.659075] scsi target2:0:0: asynchronous
[    2.660580] scsi 2:0:1:0: Direct-Access     VBOX     HARDDISK         1.0  PQ: 0 ANSI: 5
[    2.755025] scsi target2:0:1: Beginning Domain Validation
[    2.758900] random: fast init done
[    2.760719] scsi target2:0:1: Domain Validation skipping write tests
[    2.763139] scsi target2:0:1: Ending Domain Validation
[    2.765482] scsi target2:0:1: asynchronous
[    2.773120] random: systemd-udevd: uninitialized urandom read (16 bytes read)
[    2.775980] random: systemd-udevd: uninitialized urandom read (16 bytes read)
[    2.778931] random: systemd-udevd: uninitialized urandom read (16 bytes read)
[    2.781996] sd 2:0:0:0: Attached scsi generic sg0 type 0
[    2.784417] sd 2:0:0:0: [sda] 20971520 512-byte logical blocks: (10.7 GB/10.0 GiB)
[    2.787595] sd 2:0:1:0: Attached scsi generic sg1 type 0
[    2.787675] sd 2:0:0:0: [sda] Write Protect is off
[    2.792087] sd 2:0:1:0: [sdb] 20480 512-byte logical blocks: (10.5 MB/10.0 MiB)
[    2.795198] sd 2:0:1:0: [sdb] Write Protect is off
[    2.797300] sd 2:0:0:0: [sda] Incomplete mode parameter data
[    2.799442] sd 2:0:0:0: [sda] Assuming drive cache: write through
[    2.801602] sd 2:0:1:0: [sdb] Incomplete mode parameter data
[    2.803293] sd 2:0:1:0: [sdb] Assuming drive cache: write through
[    2.808161]  sda: sda1
[    2.811128] sd 2:0:1:0: [sdb] Attached SCSI disk
[    2.812195] sd 2:0:0:0: [sda] Attached SCSI disk
Begin: Loading essential drivers ... [    4.252009] raid6: sse2x1   gen() 11972 MB/s
[    4.300590] raid6: sse2x1   xor()  8770 MB/s
[    4.352719] raid6: sse2x2   gen() 16855 MB/s
[    4.402220] raid6: sse2x2   xor() 10387 MB/s
[    4.448241] raid6: sse2x4   gen() 16790 MB/s
[    4.496635] raid6: sse2x4   xor() 10831 MB/s
[    4.544633] raid6: avx2x1   gen() 23754 MB/s
[    4.592287] raid6: avx2x1   xor() 15608 MB/s
[    4.640511] raid6: avx2x2   gen() 27702 MB/s
[    4.688065] raid6: avx2x2   xor() 18057 MB/s
[    4.736562] raid6: avx2x4   gen() 34054 MB/s
[    4.784539] raid6: avx2x4   xor() 20296 MB/s
[    4.785756] raid6: using algorithm avx2x4 gen() 34054 MB/s
[    4.787645] raid6: .... xor() 20296 MB/s, rmw enabled
[    4.789108] raid6: using avx2x2 recovery algorithm
[    4.791337] xor: automatically using best checksumming function   avx       
[    4.794596] async_tx: api initialized (async)
done.
Begin: Running /scripts/init-premount ... done.
Begin: Mounting root file system ... Begin: Running /scripts/local-top ... done.
Begin: Running /scripts/local-premount ... [    4.843294] Btrfs loaded, crc32c=crc32c-intel
Scanning for Btrfs filesystems
done.
Warning: fsck not present, so skipping root file system
[    4.879584] EXT4-fs (sda1): mounted filesystem with ordered data mode. Opts: (null)
done.
Begin: Running /scripts/local-bottom ... done.
Begin: Running /scripts/init-bottom ... done.
[    5.123850] ip_tables: (C) 2000-2006 Netfilter Core Team
[    5.138710] systemd[1]: systemd 237 running in system mode. (+PAM +AUDIT +SELINUX +IMA +APPARMOR +SMACK +SYSVINIT +UTMP +LIBCRYPTSETUP +GCRYPT +GNUTLS +ACL +XZ +LZ4 +SECCOMP +BLKID +ELFUTILS +KMOD -IDN2 +IDN -PCRE2 default-hierarchy=hybrid)
[    5.143915] systemd[1]: Detected virtualization oracle.
[    5.145166] systemd[1]: Detected architecture x86-64.

Welcome to [1mUbuntu 18.04.4 LTS[0m!

[    5.153347] systemd[1]: Set hostname to <ubuntu>.
[    5.161230] systemd[1]: Initializing machine ID from random generator.
[    5.162964] systemd[1]: Installed transient /etc/machine-id file.
[    5.488760] systemd[1]: Created slice System Slice.
[[0;32m  OK  [0m] Created slice System Slice.
[    5.491545] systemd[1]: Set up automount Arbitrary Executable File Formats File System Automount Point.
[[0;32m  OK  [0m] Set up automount Arbitrary Executab…rmats File System Automount Point.
[    5.495800] systemd[1]: Started Forward Password Requests to Wall Directory Watch.
[[0;32m  OK  [0m] Started Forward Password Requests to Wall Directory Watch.
[    5.499313] systemd[1]: Listening on Network Service Netlink Socket.
[[0;32m  OK  [0m] Listening on Network Service Netlink Socket.
[[0;32m  OK  [0m] Listening on Syslog Socket.
[[0;32m  OK  [0m] Listening on Journal Socket.
         Starting Load Kernel Modules...
         Starting Set the console keyboard layout...
         Starting Create list of required st…ce nodes for the current kernel...
         Mounting Kernel Debug File System...
[[0;32m  OK  [0m] Listening on /dev/initctl Compatibility Named Pipe.
[[0;32m  OK  [0m] Created slice User and Session Slice.
[[0;32m  OK  [0m] Listening on LVM2 poll daemon socket.
[[0;32m  OK  [0m] Listening on Journal Audit Socket.
[[0;32m  OK  [0m] Created slice system-serial\x2dgetty.slice.
[[0;32m  OK  [0m] Listening on LVM2 metadata daemon socket.
[[0;32m  OK  [0m] Listening on udev Kernel Socket.
         Starting Uncomplicated firewall...
[[0;32m  OK  [0m] Reached target Swap.
         Mounting Huge Pages File System...
         Mounting POSIX Message Queue File System...
[    5.563886] Loading iSCSI transport class v2.0-870.
         Starting Remount Root and Kernel File Systems...
[[0;32m  OK  [0m] Reached target User and Group Name Lookups.
[[0;32m  OK  [0m] Listening on Journal Socket (/dev/log).
         Starting Journal Service...
[[0;32m  OK  [0m] Reached target System Time Synchronized.
[[0;32m  OK  [0m] Reached target Slices.
[[0;32m  OK  [0m] Listening on Device-mapper event daemon FIFOs.
         Starting Monitoring of LVM2 mirrors…ng dmeventd or progress polling...
[[0;32m  OK  [0m] Listening on udev Control Socket.
         Starting udev Coldplug all Devices...
[[0;32m  OK  [0m] Started Create list of required sta…vice nodes for the current kernel.
[[0;32m  OK  [0m] Mounted Kernel Debug File System.
[[0;32m  OK  [0m] Started Uncomplicated firewall.
[[0;32m  OK  [0m] Mounted Huge Pages File System.
[[0;32m  OK  [0m] Mounted POSIX Message Queue File System.
         Starting Create Static Device Nodes in /dev...
[    5.601253] iscsi: registered transport (tcp)
[    5.608740] EXT4-fs (sda1): re-mounted. Opts: (null)
[[0;32m  OK  [0m] Started Remount Root and Kernel File Systems.
         Starting Load/Save Random Seed...
[    5.716913] iscsi: registered transport (iser)
[[0;32m  OK  [0m] Started Load Kernel Modules.
[[0;32m  OK  [0m] Started Create Static Device Nodes in /dev.
[[0;32m  OK  [0m] Started LVM2 metadata daemon.
         Starting udev Kernel Device Manager...
         Mounting FUSE Control File System...
         Starting Apply Kernel Variables...
         Mounting Kernel Configuration File System...
[[0;32m  OK  [0m] Started Journal Service.
[[0;32m  OK  [0m] Mounted FUSE Control File System.
[[0;32m  OK  [0m] Started Load/Save Random Seed.
[[0;32m  OK  [0m] Mounted Kernel Configuration File System.
         Starting Flush Journal to Persistent Storage...
[[0;32m  OK  [0m] Started udev Kernel Device Manager.
[[0;32m  OK  [0m] Started udev Coldplug all Devices.
[[0;32m  OK  [0m] Started Monitoring of LVM2 mirrors,…sing dmeventd or progress polling.
[[0;32m  OK  [0m] Started Apply Kernel Variables.
[[0;32m  OK  [0m] Started Flush Journal to Persistent Storage.
[[0;32m  OK  [0m] Found device /dev/ttyS0.
[[0;32m  OK  [0m] Listening on Load/Save RF Kill Switch Status /dev/rfkill Watch.
[[0;32m  OK  [0m] Started Set the console keyboard layout.
[[0;32m  OK  [0m] Started Dispatch Password Requests to Console Directory Watch.
[[0;32m  OK  [0m] Reached target Local Encrypted Volumes.
[[0;32m  OK  [0m] Reached target Local File Systems (Pre).
[[0;32m  OK  [0m] Reached target Local File Systems.
         Starting AppArmor initialization...
         Starting ebtables ruleset management...
         Starting Create Volatile Files and Directories...
         Starting Tell Plymouth To Write Out Runtime Data...
         Starting Commit a transient machine-id on disk...
         Starting Set console font and keymap...
[[0;32m  OK  [0m] Started Tell Plymouth To Write Out Runtime Data.
[[0;32m  OK  [0m] Started Set console font and keymap.
[[0;32m  OK  [0m] Started Create Volatile Files and Directories.
         Starting Update UTMP about System Boot/Shutdown...
[[0;32m  OK  [0m] Started Update UTMP about System Boot/Shutdown.
[[0;32m  OK  [0m] Started Commit a transient machine-id on disk.
[[0;32m  OK  [0m] Started ebtables ruleset management.
[[0;32m  OK  [0m] Started AppArmor initialization.
         Starting Initial cloud-init job (pre-networking)...
[    9.138102] cloud-init[639]: Cloud-init v. 19.4-33-gbb4131a2-0ubuntu1~18.04.1 running 'init-local' at Mon, 17 Feb 2020 06:38:46 +0000. Up 8.71 seconds.
[[0;32m  OK  [0m] Started Initial cloud-init job (pre-networking).
[[0;32m  OK  [0m] Reached target Network (Pre).
         Starting Network Service...
[[0;32m  OK  [0m] Started Network Service.
         Starting Network Name Resolution...
         Starting Wait for Network to be Configured...
[[0;32m  OK  [0m] Started Network Name Resolution.
[[0;32m  OK  [0m] Reached target Network.
[[0;32m  OK  [0m] Reached target Host and Network Name Lookups.
[[0;32m  OK  [0m] Started Wait for Network to be Configured.
         Starting Initial cloud-init job (metadata service crawler)...
[   11.303093] cloud-init[757]: Cloud-init v. 19.4-33-gbb4131a2-0ubuntu1~18.04.1 running 'init' at Mon, 17 Feb 2020 06:38:48 +0000. Up 11.15 seconds.
[   11.305901] cloud-init[757]: ci-info: ++++++++++++++++++++++++++++++++++++++Net device info+++++++++++++++++++++++++++++++++++++++
[   11.308267] cloud-init[757]: ci-info: +--------+-------+----------------------------+---------------+--------+-------------------+
[   11.310503] cloud-init[757]: ci-info: | Device |   Up  |          Address           |      Mask     | Scope  |     Hw-Address    |
[   11.312733] cloud-init[757]: ci-info: +--------+-------+----------------------------+---------------+--------+-------------------+
[   11.314808] cloud-init[757]: ci-info: | enp0s3 |  True |         10.0.2.15          | 255.255.255.0 | global | 02:b4:6b:8c:b8:1a |
[   11.317065] cloud-init[757]: ci-info: | enp0s3 |  True | fe80::b4:6bff:fe8c:b81a/64 |       .       |  link  | 02:b4:6b:8c:b8:1a |
[   11.319214] cloud-init[757]: ci-info: | enp0s8 | False |             .              |       .       |   .    | 08:00:27:57:eb:6c |
[   11.321474] cloud-init[757]: ci-info: |   lo   |  True |         127.0.0.1          |   255.0.0.0   |  host  |         .         |
[   11.323456] cloud-init[757]: ci-info: |   lo   |  True |          ::1/128           |       .       |  host  |         .         |
[   11.325431] cloud-init[757]: ci-info: +--------+-------+----------------------------+---------------+--------+-------------------+
[   11.327545] cloud-init[757]: ci-info: ++++++++++++++++++++++++++++Route IPv4 info+++++++++++++++++++++++++++++
[   11.329089] cloud-init[757]: ci-info: +-------+-------------+----------+-----------------+-----------+-------+
[   11.331061] cloud-init[757]: ci-info: | Route | Destination | Gateway  |     Genmask     | Interface | Flags |
[   11.333011] cloud-init[757]: ci-info: +-------+-------------+----------+-----------------+-----------+-------+
[   11.334619] cloud-init[757]: ci-info: |   0   |   0.0.0.0   | 10.0.2.2 |     0.0.0.0     |   enp0s3  |   UG  |
[   11.336750] cloud-init[757]: ci-info: |   1   |   10.0.2.0  | 0.0.0.0  |  255.255.255.0  |   enp0s3  |   U   |
[   11.338773] cloud-init[757]: ci-info: |   2   |   10.0.2.2  | 0.0.0.0  | 255.255.255.255 |   enp0s3  |   UH  |
[   11.340654] cloud-init[757]: ci-info: +-------+-------------+----------+-----------------+-----------+-------+
[   11.342456] cloud-init[757]: ci-info: +++++++++++++++++++Route IPv6 info+++++++++++++++++++
[   11.343629] cloud-init[757]: ci-info: +-------+-------------+---------+-----------+-------+
[   11.344910] cloud-init[757]: ci-info: | Route | Destination | Gateway | Interface | Flags |
[   11.346181] cloud-init[757]: ci-info: +-------+-------------+---------+-----------+-------+
[   11.347757] cloud-init[757]: ci-info: |   1   |  fe80::/64  |    ::   |   enp0s3  |   U   |
[   11.349650] cloud-init[757]: ci-info: |   3   |    local    |    ::   |   enp0s3  |   U   |
[   11.351510] cloud-init[757]: ci-info: |   4   |   ff00::/8  |    ::   |   enp0s3  |   U   |
[   11.353397] cloud-init[757]: ci-info: +-------+-------------+---------+-----------+-------+
[   12.234812] cloud-init[757]: Generating public/private rsa key pair.
[   12.237223] cloud-init[757]: Your identification has been saved in /etc/ssh/ssh_host_rsa_key.
[   12.239994] cloud-init[757]: Your public key has been saved in /etc/ssh/ssh_host_rsa_key.pub.
[   12.242719] cloud-init[757]: The key fingerprint is:
[   12.244490] cloud-init[757]: SHA256:9B2ppC3vBNP94xJJ//JI6BsNGkHEOvy0tsfwrMWB4cI root@ubuntu-bionic
[   12.256732] cloud-init[757]: The key's randomart image is:
[   12.259283] cloud-init[757]: +---[RSA 2048]----+
[   12.261359] cloud-init[757]: |         oo      |
[   12.262490] cloud-init[757]: |         ..  .   |
[   12.264504] cloud-init[757]: |       ...+ o    |
[   12.276516] cloud-init[757]: |       o+B.B..   |
[   12.278029] cloud-init[757]: |        E+Oo=o   |
[   12.279293] cloud-init[757]: |         *=+o*.  |
[   12.292457] cloud-init[757]: |         .+*=.=. |
[   12.294263] cloud-init[757]: |         o.o*+.o.|
[   12.304773] cloud-init[757]: |          oooooo.|
[   12.306605] cloud-init[757]: +----[SHA256]-----+
[   12.308735] cloud-init[757]: Generating public/private dsa key pair.
[   12.310918] cloud-init[757]: Your identification has been saved in /etc/ssh/ssh_host_dsa_key.
[   12.313586] cloud-init[757]: Your public key has been saved in /etc/ssh/ssh_host_dsa_key.pub.
[   12.316345] cloud-init[757]: The key fingerprint is:
[   12.328464] cloud-init[757]: SHA256:V3r6L5uOeYDQYuf1YWhrqnRWoZAwnI9cJGLIAgb8XOI root@ubuntu-bionic
[   12.331250] cloud-init[757]: The key's randomart image is:
[   12.332421] cloud-init[757]: +---[DSA 1024]----+
[   12.333916] cloud-init[757]: |Boo.+o.          |
[   12.335909] cloud-init[757]: |++ oo=..         |
[   12.337253] [[0;32m  OK  [0mcloud-init[757]: |. +.o+o.  ...    |
[   12.339716] cloud-init[757]: |   Eo =.o.++o    |
[   12.340726] cloud-init[757]: |     . =S+++..   |
[   12.342293] cloud-init[757]: |        oo+o.    |
] Started Initial cloud-init job (metadata service crawler).
[   12.343502] cloud-init[757]: |      . oo..     |
[   12.346645] cloud-init[757]: |     . o.  +o.   |
[   12.348593] cloud-init[757]: |      ..  oo=+.  |
[   12.361344] cloud-init[757]: +----[SHA256]-----+
[[0;32m  OK  [0m[   12.362593] cloud-init[757]: Generating public/private ecdsa key pair.
[   12.363056] cloud-init[757]: Your identification has been saved in /etc/ssh/ssh_host_ecdsa_key.
[   12.365074] cloud-init[757]: Your public key has been saved in /etc/ssh/ssh_host_ecdsa_key.pub.
[   12.365968] cloud-init[757]: The key fingerprint is:
[   12.367261] cloud-init[757]: SHA256:+mTf0ohInq7Xajv4jjoxPU+K+J0Eqp2hWK00qyQK3mk root@ubuntu-bionic
[   12.368967] cloud-init[757]: The key's randomart image is:
[   12.370274] cloud-init[757]: +---[ECDSA 256]---+
[   12.371185] cloud-init[757]: |                 |
] Reached target System Initialization.
[   12.372511] cloud-init[757]: |                 |
[   12.389159] cloud-init[757]: |                 |
[[   12.390548] cloud-init[757]: |                 |
[   12.390667] cloud-init[757]: |  ..    S        |
[   12.391735] cloud-init[757]: | .ooo o.         |
[   12.393128] cloud-init[757]: |+o=+oO.+o. o     |
[   12.394162] cloud-init[757]: |X=+E+oO+o.o..    |
[0;32m  OK  [0m] Started Message of the Day.
[   12.394751] cloud-init[757]: |*+O==B*+. ...    |
[   12.399185] cloud-init[757]: +----[SHA256]-----+
[   12.399293] cloud-init[757]: Generating public/private ed25519 key pair.
[   12.400972] cloud-init[757]: Your identification has been saved in /etc/ssh/ssh_host_ed25519_key.
[   12.402135] cloud-init[757]: Your public key has been saved in /etc/ssh/ssh_host_ed25519_key.pub.
[   12.403608] cloud-init[757]: The key fingerprint is:
[   12.405251] cloud-init[757]: SHA256:n7ocQrWs3CoyUqkzdIlhDdQr/rSCNyNAXf71/vlySw0 root@ubuntu-bionic
[   12.405979] cloud-init[757]: The key's randomart image is:
[   12.406762] cloud-init[757]: +--[ED25519 256]--+
[   12.407473] cloud-init[757]: |...              |
[   12.411077] cloud-init[757]: | . . .           |
[   12.413763] cloud-init[757]: |  + +   .        |
[   12.414378] cloud-init[757]: | = + . o o       |
[   12.416149] cloud-init[757]: |+ +.. o S .   E  |
[   12.416962] cloud-init[757]: |.+o+ o + . o   ..|
[   12.418885] cloud-init[757]: |+o+ . + o +    ..|
[   12.419233] cloud-init[757]: |B.*o.  + o . .o. |
[   12.421536] cloud-init[757]: | *.= .. +.  .o+o.|
[   12.422533] cloud-init[757]: +----[SHA256]-----+
[[0;32m  OK  [0m] Started Daily apt download activities.
[[0;32m  OK  [0m] Listening on Open-iSCSI iscsid Socket.
[[0;32m  OK  [0m] Started Discard unused blocks once a week.
[[0;32m  OK  [0m] Listening on ACPID Listen Socket.
[[0;32m  OK  [0m] Listening on UUID daemon activation socket.
[[0;32m  OK  [0m] Started ACPI Events Check.
[[0;32m  OK  [0m] Reached target Paths.
         Starting LXD - unix socket.
         Starting Socket activation for snappy daemon.
[[0;32m  OK  [0m] Started Daily apt upgrade and clean activities.
[[0;32m  OK  [0m] Started Daily Cleanup of Temporary Directories.
[[0;32m  OK  [0m] Reached target Timers.
[[0;32m  OK  [0m] Listening on D-Bus System Message Bus Socket.
[[0;32m  OK  [0m] Reached target Network is Online.
         Starting Availability of block devices...
[[0;32m  OK  [0m] Reached target Remote File Systems (Pre).
[[0;32m  OK  [0m] Reached target Remote File Systems.
[[0;32m  OK  [0m] Reached target Cloud-config availability.
[[0;32m  OK  [0m] Listening on LXD - unix socket.
[[0;32m  OK  [0m] Listening on Socket activation for snappy daemon.
[[0;32m  OK  [0m] Started Availability of block devices.
[[0;32m  OK  [0m] Reached target Sockets.
[[0;32m  OK  [0m] Reached target Basic System.
         Starting Pollinate to seed the pseudo random number generator...
         Starting Permit User Sessions...
         Starting Dispatcher daemon for systemd-networkd...
[[0;32m  OK  [0m] Started irqbalance daemon.
         Starting Accounts Service...
[[0;32m  OK  [0m] Started D-Bus System Message Bus.
         Starting Virtualbox guest utils...
[[0;32m  OK  [0m] Started FUSE filesystem for LXC.
         Starting LSB: Record successful boot for GRUB...
[[0;32m  OK  [0m] Started Deferred execution scheduler.
[[0;32m  OK  [0m] Started Regular background program processing daemon.
         Starting Snappy daemon...
         Starting Login Service...
         Starting LXD - container startup/shutdown...
         Starting LSB: automatic crash report generation...
         Starting System Logging Service...
[[0;32m  OK  [0m] Started Permit User Sessions.
[[0;32m  OK  [0m] Started System Logging Service.
         Starting Authorization Manager...
         Starting Terminate Plymouth Boot Screen...
         Starting Hold until boot process finishes up...
[[0;32m  OK  [0m] Started Terminate Plymouth Boot Screen.
[[0;32m  OK  [0m] Started Hold until boot process finishes up.
         Starting Set console scheme...
[[0;32m  OK  [0m] Started Serial Getty on ttyS0.
[[0;32m  OK  [0m] Started Set console scheme.
[[0;32m  OK  [0m] Created slice system-getty.slice.
[[0;32m  OK  [0m] Started Getty on tty1.
[[0;32m  OK  [0m] Reached target Login Prompts.
[[0;32m  OK  [0m] Started LSB: Record successful boot for GRUB.
[[0;32m  OK  [0m] Started Login Service.
[[0;32m  OK  [0m] Started Unattended Upgrades Shutdown.
[[0;32m  OK  [0m] Started LSB: automatic crash report generation.
[[0;32m  OK  [0m] Started LXD - container startup/shutdown.
[[0;32m  OK  [0m] Started Authorization Manager.
[[0;32m  OK  [0m] Started Accounts Service.
[[0;32m  OK  [0m] Started Virtualbox guest utils.
[[0;32m  OK  [0m] Started Dispatcher daemon for systemd-networkd.
[[0;32m  OK  [0m] Started Snappy daemon.
         Starting Wait until snapd is fully seeded...
[[0;32m  OK  [0m] Started Pollinate to seed the pseudo random number generator.
         Starting OpenBSD Secure Shell server...
[[0;32m  OK  [0m] Started OpenBSD Secure Shell server.
[[0;32m  OK  [0m] Created slice User Slice of vagrant.
         Starting User Manager for UID 1000...
[[0;32m  OK  [0m] Started Session 1 of user vagrant.
[[0;32m  OK  [0m] Started User Manager for UID 1000.

Ubuntu 18.04.4 LTS ubuntu-bionic ttyS0

ubuntu-bionic login: [   20.594848] cloud-init[1601]: Cloud-init v. 19.4-33-gbb4131a2-0ubuntu1~18.04.1 running 'modules:config' at Mon, 17 Feb 2020 06:38:57 +0000. Up 19.99 seconds.
ci-info: no authorized SSH keys fingerprints found for user ubuntu.
<14>Feb 17 06:38:58 ec2: 
<14>Feb 17 06:38:58 ec2: #############################################################
<14>Feb 17 06:38:58 ec2: -----BEGIN SSH HOST KEY FINGERPRINTS-----
<14>Feb 17 06:38:58 ec2: 1024 SHA256:V3r6L5uOeYDQYuf1YWhrqnRWoZAwnI9cJGLIAgb8XOI root@ubuntu-bionic (DSA)
<14>Feb 17 06:38:59 ec2: 256 SHA256:+mTf0ohInq7Xajv4jjoxPU+K+J0Eqp2hWK00qyQK3mk root@ubuntu-bionic (ECDSA)
<14>Feb 17 06:38:59 ec2: 256 SHA256:n7ocQrWs3CoyUqkzdIlhDdQr/rSCNyNAXf71/vlySw0 root@ubuntu-bionic (ED25519)
<14>Feb 17 06:38:59 ec2: 2048 SHA256:9B2ppC3vBNP94xJJ//JI6BsNGkHEOvy0tsfwrMWB4cI root@ubuntu-bionic (RSA)
<14>Feb 17 06:38:59 ec2: -----END SSH HOST KEY FINGERPRINTS-----
<14>Feb 17 06:38:59 ec2: #############################################################
-----BEGIN SSH HOST KEY KEYS-----
ecdsa-sha2-nistp256 AAAAE2VjZHNhLXNoYTItbmlzdHAyNTYAAAAIbmlzdHAyNTYAAABBBBFNNN9cBreWHGNK/dNK1KAwJixbIa9a+/B0NS92OMJ76i6ZDfglgHniVP2v+e0ING5MCSEF3EK9UPDXhmiSqXY= root@ubuntu-bionic
ssh-ed25519 AAAAC3NzaC1lZDI1NTE5AAAAIJ9auaZtADPh5Bp+VNfyMKC69sW2AhyP7ifd+0simHmz root@ubuntu-bionic
ssh-rsa AAAAB3NzaC1yc2EAAAADAQABAAABAQCvw9csAguDGIcbsWCYx40/liCzg8vFVCxDeux63oVAjtHDh/c7WeSfHZuUVLgcRg9yFKpWf5gx83pCgl5rGAsb87BcfoIWfh+AIb1EHrDn7xks3a47oexkXHxVVpPwIsz7f4FHiLBpH9Wzaa7Han1pADFGd476duTXVKDuomwdPWuMu+MwF8Ix7qz7/zz8VaxGXoTsRZcpc1ieIYbSrkHiupJUc3a3nyfosLQZwImBwH+Sj80W8xMW3X0RLBqm4rbrxEQjDC/2LZywRaEjfcIn6sXcty2o93alPwmmKn7uihv5PQorSZD9trDLwC5/r6VU9EEkNurtDONdJ/PSFsyx root@ubuntu-bionic
-----END SSH HOST KEY KEYS-----
[   21.365022] cloud-init[1796]: Cloud-init v. 19.4-33-gbb4131a2-0ubuntu1~18.04.1 running 'modules:final' at Mon, 17 Feb 2020 06:38:58 +0000. Up 21.13 seconds.
[   21.369894] cloud-init[1796]: ci-info: no authorized SSH keys fingerprints found for user ubuntu.
[   21.373134] cloud-init[1796]: Cloud-init v. 19.4-33-gbb4131a2-0ubuntu1~18.04.1 finished at Mon, 17 Feb 2020 06:38:59 +0000. Datasource DataSourceNoCloud [seed=/dev/sdb][dsmode=net].  Up 21.33 seconds
